<?xml version="1.0" encoding="UTF-8"?>
<!-- Generated by org.testng.reporters.JUnitReportReporter -->
<testsuite hostname="LAPTOP-V0LKG170" failures="0" tests="1" name="talentturbotestcases.LoginPageTest" time="21.329" errors="0" timestamp="2022-05-05T21:46:28 EDT" skipped="0">
  <testcase classname="talentturbotestcases.LoginPageTest" name="loginTest" time="21.329"/>
  <system-out/>
</testsuite> <!-- talentturbotestcases.LoginPageTest -->
