<?xml version="1.0" encoding="UTF-8"?>
<!-- Generated by org.testng.reporters.JUnitReportReporter -->
<testsuite hostname="LAPTOP-V0LKG170" failures="0" tests="2" name="talentturbotestcases.ContactUsTest" time="28.310" errors="0" timestamp="2022-05-05T21:46:28 EDT" skipped="0">
  <testcase classname="talentturbotestcases.ContactUsTest" name="companyNameTest" time="18.554"/>
  <system-out/>
  <testcase classname="talentturbotestcases.ContactUsTest" name="addressTest" time="9.756"/>
  <system-out/>
</testsuite> <!-- talentturbotestcases.ContactUsTest -->
